<?xml version="1.0" encoding="UTF-8" ?>
<testsuite tests="17" failures="0" name="step_definitions.RunCukesTest" time="0.589" errors="0" skipped="0">
  <properties>
[...]
</properties>
  <testcase classname="Scenario: End to End Checkout Product" name="Given User already on sauce demo website" time="0.043"/>
  <testcase classname="Scenario: End to End Checkout Product" name="When User input &quot;standard_user&quot; as userName and input &quot;secret_sauce&quot; as password" time="0"/>
  <testcase classname="Scenario: End to End Checkout Product" name="Then User already on sales page" time="0.001"/>
  <testcase classname="Scenario: End to End Checkout Product" name="When User sort the product list by &quot;Name (Z to A)&quot;" time="0"/>
  <testcase classname="Scenario: End to End Checkout Product" name="Then User add &quot;Sauce Labs Onesie&quot; and &quot;Test.allTheThings() T-Shirt (Red)&quot; to cart" time="0.002"/>
  <testcase classname="Scenario: End to End Checkout Product" name="And User click cart button" time="0.004"/>
  <testcase classname="Scenario: End to End Checkout Product" name="Then User already on your cart page" time="0"/>
  <testcase classname="Scenario: End to End Checkout Product" name="Then User remove item Tshirt Red" time="0.001"/>
  <testcase classname="Scenario: End to End Checkout Product" name="And User click checkout button" time="0.001"/>
  <testcase classname="Scenario: End to End Checkout Product" name="Then User already on checkout information page" time="0"/>
  <testcase classname="Scenario: End to End Checkout Product" name="When User input &quot;Iyang&quot; as firstName, input &quot;Mulyana&quot; as lastName and input &quot;12345&quot; as zipCode" time="0"/>
  <testcase classname="Scenario: End to End Checkout Product" name="And User click continue button" time="0.001"/>
  <testcase classname="Scenario: End to End Checkout Product" name="Then User already on checkout overview page" time="0"/>
  <testcase classname="Scenario: End to End Checkout Product" name="And User done check the total price &quot;$8.63&quot;" time="0"/>
  <testcase classname="Scenario: End to End Checkout Product" name="And User click the finish button" time="0"/>
  <testcase classname="Scenario: End to End Checkout Product" name="Then User already completed checkout" time="0.002"/>
  <testcase classname="Scenario: End to End Checkout Product" name="Scenario: End to End Checkout Product" time="0.534"/>
</testsuite>